<?xml version="1.0" encoding="UTF-8"?>
<testng-results skipped="0" failed="0" ignored="0" total="1" passed="1">
  <reporter-output>
  </reporter-output>
  <suite name="Default suite" duration-ms="1959" started-at="2018-12-09T02:28:42Z" finished-at="2018-12-09T02:28:44Z">
    <groups>
    </groups>
    <test name="Default test" duration-ms="1959" started-at="2018-12-09T02:28:42Z" finished-at="2018-12-09T02:28:44Z">
      <class name="postRequest.TestPost">
        <test-method status="PASS" signature="testpost()[pri:0, instance:postRequest.TestPost@51565ec2]" name="testpost" duration-ms="1920" started-at="2018-12-09T02:28:42Z" finished-at="2018-12-09T02:28:44Z">
          <reporter-output>
          </reporter-output>
        </test-method> <!-- testpost -->
      </class> <!-- postRequest.TestPost -->
    </test> <!-- Default test -->
  </suite> <!-- Default suite -->
</testng-results>
